2024-07-12 07:49:39.991 ERROR 1684 --- [XNIO-1 I/O-2] [ 145] .a.t.g.f.f.AuthenticGatewayFilterFactory : Invalid request auth header

com.aiforest.tmmes.common.exception.UnAuthorizedException: Invalid request auth header
	at com.aiforest.tmmes.gateway.filter.factory.AuthenticGatewayFilterFactory$AuthenticGatewayFilter.filter(AuthenticGatewayFilterFactory.java:127) ~[classes/:na]
	at org.springframework.cloud.gateway.filter.OrderedGatewayFilter.filter(OrderedGatewayFilter.java:44) [spring-cloud-gateway-server-3.1.7.jar:3.1.7]
	at org.springframework.cloud.gateway.handler.FilteringWebHandler$DefaultGatewayFilterChain.lambda$filter$0(FilteringWebHandler.java:117) [spring-cloud-gateway-server-3.1.7.jar:3.1.7]
	at reactor.core.publisher.MonoDefer.subscribe(MonoDefer.java:44) ~[reactor-core-3.4.29.jar:3.4.29]
	at reactor.core.publisher.MonoDefer.subscribe(MonoDefer.java:52) ~[reactor-core-3.4.29.jar:3.4.29]
	at reactor.core.publisher.InternalMonoOperator.subscribe(InternalMonoOperator.java:64) ~[reactor-core-3.4.29.jar:3.4.29]
	at reactor.core.publisher.MonoDefer.subscribe(MonoDefer.java:52) ~[reactor-core-3.4.29.jar:3.4.29]
	at reactor.core.publisher.MonoDefer.subscribe(MonoDefer.java:52) ~[reactor-core-3.4.29.jar:3.4.29]
	at reactor.core.publisher.MonoDefer.subscribe(MonoDefer.java:52) ~[reactor-core-3.4.29.jar:3.4.29]
	at reactor.core.publisher.Mono.subscribe(Mono.java:4490) ~[reactor-core-3.4.29.jar:3.4.29]
	at reactor.core.publisher.MonoIgnoreThen$ThenIgnoreMain.subscribeNext(MonoIgnoreThen.java:263) ~[reactor-core-3.4.29.jar:3.4.29]
	at reactor.core.publisher.MonoIgnoreThen.subscribe(MonoIgnoreThen.java:51) ~[reactor-core-3.4.29.jar:3.4.29]
	at reactor.core.publisher.InternalMonoOperator.subscribe(InternalMonoOperator.java:64) ~[reactor-core-3.4.29.jar:3.4.29]
	at reactor.core.publisher.MonoDefer.subscribe(MonoDefer.java:52) ~[reactor-core-3.4.29.jar:3.4.29]
	at reactor.core.publisher.MonoDefer.subscribe(MonoDefer.java:52) ~[reactor-core-3.4.29.jar:3.4.29]
	at reactor.core.publisher.InternalMonoOperator.subscribe(InternalMonoOperator.java:64) ~[reactor-core-3.4.29.jar:3.4.29]
	at reactor.core.publisher.MonoDefer.subscribe(MonoDefer.java:52) ~[reactor-core-3.4.29.jar:3.4.29]
	at reactor.core.publisher.Mono.subscribe(Mono.java:4490) ~[reactor-core-3.4.29.jar:3.4.29]
	at reactor.core.publisher.MonoIgnoreThen$ThenIgnoreMain.subscribeNext(MonoIgnoreThen.java:263) ~[reactor-core-3.4.29.jar:3.4.29]
	at reactor.core.publisher.MonoIgnoreThen.subscribe(MonoIgnoreThen.java:51) ~[reactor-core-3.4.29.jar:3.4.29]
	at reactor.core.publisher.MonoFlatMap$FlatMapMain.onNext(MonoFlatMap.java:157) ~[reactor-core-3.4.29.jar:3.4.29]
	at reactor.core.publisher.FluxSwitchIfEmpty$SwitchIfEmptySubscriber.onNext(FluxSwitchIfEmpty.java:74) ~[reactor-core-3.4.29.jar:3.4.29]
	at reactor.core.publisher.MonoNext$NextSubscriber.onNext(MonoNext.java:82) ~[reactor-core-3.4.29.jar:3.4.29]
	at reactor.core.publisher.FluxConcatMap$ConcatMapImmediate.innerNext(FluxConcatMap.java:282) ~[reactor-core-3.4.29.jar:3.4.29]
	at reactor.core.publisher.FluxConcatMap$ConcatMapInner.onNext(FluxConcatMap.java:863) ~[reactor-core-3.4.29.jar:3.4.29]
	at reactor.core.publisher.FluxMap$MapSubscriber.onNext(FluxMap.java:122) ~[reactor-core-3.4.29.jar:3.4.29]
	at reactor.core.publisher.FluxSwitchIfEmpty$SwitchIfEmptySubscriber.onNext(FluxSwitchIfEmpty.java:74) ~[reactor-core-3.4.29.jar:3.4.29]
	at reactor.core.publisher.Operators$MonoSubscriber.complete(Operators.java:1839) ~[reactor-core-3.4.29.jar:3.4.29]
	at reactor.core.publisher.MonoFlatMap$FlatMapMain.onNext(MonoFlatMap.java:151) ~[reactor-core-3.4.29.jar:3.4.29]
	at reactor.core.publisher.FluxMap$MapSubscriber.onNext(FluxMap.java:122) ~[reactor-core-3.4.29.jar:3.4.29]
	at reactor.core.publisher.MonoNext$NextSubscriber.onNext(MonoNext.java:82) ~[reactor-core-3.4.29.jar:3.4.29]
	at reactor.core.publisher.FluxConcatMap$ConcatMapImmediate.innerNext(FluxConcatMap.java:282) ~[reactor-core-3.4.29.jar:3.4.29]
	at reactor.core.publisher.FluxConcatMap$ConcatMapInner.onNext(FluxConcatMap.java:863) ~[reactor-core-3.4.29.jar:3.4.29]
	at reactor.core.publisher.FluxOnErrorResume$ResumeSubscriber.onNext(FluxOnErrorResume.java:79) ~[reactor-core-3.4.29.jar:3.4.29]
	at reactor.core.publisher.MonoPeekTerminal$MonoTerminalPeekSubscriber.onNext(MonoPeekTerminal.java:180) ~[reactor-core-3.4.29.jar:3.4.29]
	at reactor.core.publisher.Operators$MonoSubscriber.complete(Operators.java:1839) ~[reactor-core-3.4.29.jar:3.4.29]
	at reactor.core.publisher.MonoFilterWhen$MonoFilterWhenMain.onNext(MonoFilterWhen.java:149) ~[reactor-core-3.4.29.jar:3.4.29]
	at reactor.core.publisher.Operators$ScalarSubscription.request(Operators.java:2400) ~[reactor-core-3.4.29.jar:3.4.29]
	at reactor.core.publisher.MonoFilterWhen$MonoFilterWhenMain.onSubscribe(MonoFilterWhen.java:112) ~[reactor-core-3.4.29.jar:3.4.29]
	at reactor.core.publisher.MonoJust.subscribe(MonoJust.java:55) ~[reactor-core-3.4.29.jar:3.4.29]
	at reactor.core.publisher.Mono.subscribe(Mono.java:4490) ~[reactor-core-3.4.29.jar:3.4.29]
	at reactor.core.publisher.FluxConcatMap$ConcatMapImmediate.drain(FluxConcatMap.java:451) ~[reactor-core-3.4.29.jar:3.4.29]
	at reactor.core.publisher.FluxConcatMap$ConcatMapImmediate.onNext(FluxConcatMap.java:251) ~[reactor-core-3.4.29.jar:3.4.29]
	at reactor.core.publisher.FluxDematerialize$DematerializeSubscriber.onNext(FluxDematerialize.java:98) ~[reactor-core-3.4.29.jar:3.4.29]
	at reactor.core.publisher.FluxDematerialize$DematerializeSubscriber.onNext(FluxDematerialize.java:44) ~[reactor-core-3.4.29.jar:3.4.29]
	at reactor.core.publisher.FluxIterable$IterableSubscription.slowPath(FluxIterable.java:335) ~[reactor-core-3.4.29.jar:3.4.29]
	at reactor.core.publisher.FluxIterable$IterableSubscription.request(FluxIterable.java:294) ~[reactor-core-3.4.29.jar:3.4.29]
	at reactor.core.publisher.FluxDematerialize$DematerializeSubscriber.request(FluxDematerialize.java:127) ~[reactor-core-3.4.29.jar:3.4.29]
	at reactor.core.publisher.FluxConcatMap$ConcatMapImmediate.onSubscribe(FluxConcatMap.java:236) ~[reactor-core-3.4.29.jar:3.4.29]
	at reactor.core.publisher.FluxDematerialize$DematerializeSubscriber.onSubscribe(FluxDematerialize.java:77) ~[reactor-core-3.4.29.jar:3.4.29]
	at reactor.core.publisher.FluxIterable.subscribe(FluxIterable.java:201) ~[reactor-core-3.4.29.jar:3.4.29]
	at reactor.core.publisher.FluxIterable.subscribe(FluxIterable.java:83) ~[reactor-core-3.4.29.jar:3.4.29]
	at reactor.core.publisher.InternalFluxOperator.subscribe(InternalFluxOperator.java:62) ~[reactor-core-3.4.29.jar:3.4.29]
	at reactor.core.publisher.FluxDefer.subscribe(FluxDefer.java:54) ~[reactor-core-3.4.29.jar:3.4.29]
	at reactor.core.publisher.Mono.subscribe(Mono.java:4490) ~[reactor-core-3.4.29.jar:3.4.29]
	at reactor.core.publisher.FluxConcatMap$ConcatMapImmediate.drain(FluxConcatMap.java:451) ~[reactor-core-3.4.29.jar:3.4.29]
	at reactor.core.publisher.FluxConcatMap$ConcatMapImmediate.onSubscribe(FluxConcatMap.java:219) ~[reactor-core-3.4.29.jar:3.4.29]
	at reactor.core.publisher.FluxIterable.subscribe(FluxIterable.java:201) ~[reactor-core-3.4.29.jar:3.4.29]
	at reactor.core.publisher.FluxIterable.subscribe(FluxIterable.java:83) ~[reactor-core-3.4.29.jar:3.4.29]
	at reactor.core.publisher.InternalMonoOperator.subscribe(InternalMonoOperator.java:64) ~[reactor-core-3.4.29.jar:3.4.29]
	at reactor.core.publisher.MonoDefer.subscribe(MonoDefer.java:52) ~[reactor-core-3.4.29.jar:3.4.29]
	at reactor.core.publisher.InternalMonoOperator.subscribe(InternalMonoOperator.java:64) ~[reactor-core-3.4.29.jar:3.4.29]
	at reactor.core.publisher.MonoDefer.subscribe(MonoDefer.java:52) ~[reactor-core-3.4.29.jar:3.4.29]
	at reactor.core.publisher.InternalMonoOperator.subscribe(InternalMonoOperator.java:64) ~[reactor-core-3.4.29.jar:3.4.29]
	at reactor.core.publisher.MonoDefer.subscribe(MonoDefer.java:52) ~[reactor-core-3.4.29.jar:3.4.29]
	at reactor.core.publisher.InternalMonoOperator.subscribe(InternalMonoOperator.java:64) ~[reactor-core-3.4.29.jar:3.4.29]
	at reactor.core.publisher.MonoDefer.subscribe(MonoDefer.java:52) ~[reactor-core-3.4.29.jar:3.4.29]
	at reactor.core.publisher.Mono.subscribe(Mono.java:4490) ~[reactor-core-3.4.29.jar:3.4.29]
	at reactor.core.publisher.MonoIgnoreThen$ThenIgnoreMain.subscribeNext(MonoIgnoreThen.java:263) ~[reactor-core-3.4.29.jar:3.4.29]
	at reactor.core.publisher.MonoIgnoreThen.subscribe(MonoIgnoreThen.java:51) ~[reactor-core-3.4.29.jar:3.4.29]
	at reactor.core.publisher.Mono.subscribe(Mono.java:4490) ~[reactor-core-3.4.29.jar:3.4.29]
	at org.springframework.http.server.reactive.UndertowHttpHandlerAdapter.handleRequest(UndertowHttpHandlerAdapter.java:87) ~[spring-web-5.3.27.jar:5.3.27]
	at io.undertow.server.Connectors.executeRootHandler(Connectors.java:393) ~[undertow-core-2.2.24.Final.jar:2.2.24.Final]
	at io.undertow.server.protocol.http.HttpReadListener.handleEventWithNoRunningRequest(HttpReadListener.java:256) ~[undertow-core-2.2.24.Final.jar:2.2.24.Final]
	at io.undertow.server.protocol.http.HttpReadListener.handleEvent(HttpReadListener.java:136) ~[undertow-core-2.2.24.Final.jar:2.2.24.Final]
	at io.undertow.server.protocol.http.HttpOpenListener.handleEvent(HttpOpenListener.java:162) ~[undertow-core-2.2.24.Final.jar:2.2.24.Final]
	at io.undertow.server.protocol.http.HttpOpenListener.handleEvent(HttpOpenListener.java:100) ~[undertow-core-2.2.24.Final.jar:2.2.24.Final]
	at io.undertow.server.protocol.http.HttpOpenListener.handleEvent(HttpOpenListener.java:57) ~[undertow-core-2.2.24.Final.jar:2.2.24.Final]
	at org.xnio.ChannelListeners.invokeChannelListener(ChannelListeners.java:92) ~[xnio-api-3.8.7.Final.jar:3.8.7.Final]
	at org.xnio.ChannelListeners$10.handleEvent(ChannelListeners.java:291) ~[xnio-api-3.8.7.Final.jar:3.8.7.Final]
	at org.xnio.ChannelListeners$10.handleEvent(ChannelListeners.java:286) ~[xnio-api-3.8.7.Final.jar:3.8.7.Final]
	at org.xnio.ChannelListeners.invokeChannelListener(ChannelListeners.java:92) ~[xnio-api-3.8.7.Final.jar:3.8.7.Final]
	at org.xnio.nio.QueuedNioTcpServer2.acceptTask(QueuedNioTcpServer2.java:178) ~[xnio-nio-3.8.7.Final.jar:3.8.7.Final]
	at org.xnio.nio.WorkerThread.safeRun(WorkerThread.java:612) ~[xnio-nio-3.8.7.Final.jar:3.8.7.Final]
	at org.xnio.nio.WorkerThread.run(WorkerThread.java:479) ~[xnio-nio-3.8.7.Final.jar:3.8.7.Final]

2024-07-12 09:38:37.089 ERROR 1684 --- [XNIO-1 I/O-1] [ 145] .a.t.g.f.f.AuthenticGatewayFilterFactory : Invalid request auth header

com.aiforest.tmmes.common.exception.UnAuthorizedException: Invalid request auth header
	at com.aiforest.tmmes.gateway.filter.factory.AuthenticGatewayFilterFactory$AuthenticGatewayFilter.filter(AuthenticGatewayFilterFactory.java:127) ~[classes/:na]
	at org.springframework.cloud.gateway.filter.OrderedGatewayFilter.filter(OrderedGatewayFilter.java:44) [spring-cloud-gateway-server-3.1.7.jar:3.1.7]
	at org.springframework.cloud.gateway.handler.FilteringWebHandler$DefaultGatewayFilterChain.lambda$filter$0(FilteringWebHandler.java:117) [spring-cloud-gateway-server-3.1.7.jar:3.1.7]
	at reactor.core.publisher.MonoDefer.subscribe(MonoDefer.java:44) ~[reactor-core-3.4.29.jar:3.4.29]
	at reactor.core.publisher.MonoDefer.subscribe(MonoDefer.java:52) ~[reactor-core-3.4.29.jar:3.4.29]
	at reactor.core.publisher.InternalMonoOperator.subscribe(InternalMonoOperator.java:64) ~[reactor-core-3.4.29.jar:3.4.29]
	at reactor.core.publisher.MonoDefer.subscribe(MonoDefer.java:52) ~[reactor-core-3.4.29.jar:3.4.29]
	at reactor.core.publisher.MonoDefer.subscribe(MonoDefer.java:52) ~[reactor-core-3.4.29.jar:3.4.29]
	at reactor.core.publisher.MonoDefer.subscribe(MonoDefer.java:52) ~[reactor-core-3.4.29.jar:3.4.29]
	at reactor.core.publisher.Mono.subscribe(Mono.java:4490) ~[reactor-core-3.4.29.jar:3.4.29]
	at reactor.core.publisher.MonoIgnoreThen$ThenIgnoreMain.subscribeNext(MonoIgnoreThen.java:263) ~[reactor-core-3.4.29.jar:3.4.29]
	at reactor.core.publisher.MonoIgnoreThen.subscribe(MonoIgnoreThen.java:51) ~[reactor-core-3.4.29.jar:3.4.29]
	at reactor.core.publisher.InternalMonoOperator.subscribe(InternalMonoOperator.java:64) ~[reactor-core-3.4.29.jar:3.4.29]
	at reactor.core.publisher.MonoDefer.subscribe(MonoDefer.java:52) ~[reactor-core-3.4.29.jar:3.4.29]
	at reactor.core.publisher.MonoDefer.subscribe(MonoDefer.java:52) ~[reactor-core-3.4.29.jar:3.4.29]
	at reactor.core.publisher.InternalMonoOperator.subscribe(InternalMonoOperator.java:64) ~[reactor-core-3.4.29.jar:3.4.29]
	at reactor.core.publisher.MonoDefer.subscribe(MonoDefer.java:52) ~[reactor-core-3.4.29.jar:3.4.29]
	at reactor.core.publisher.Mono.subscribe(Mono.java:4490) ~[reactor-core-3.4.29.jar:3.4.29]
	at reactor.core.publisher.MonoIgnoreThen$ThenIgnoreMain.subscribeNext(MonoIgnoreThen.java:263) ~[reactor-core-3.4.29.jar:3.4.29]
	at reactor.core.publisher.MonoIgnoreThen.subscribe(MonoIgnoreThen.java:51) ~[reactor-core-3.4.29.jar:3.4.29]
	at reactor.core.publisher.MonoFlatMap$FlatMapMain.onNext(MonoFlatMap.java:157) ~[reactor-core-3.4.29.jar:3.4.29]
	at reactor.core.publisher.FluxSwitchIfEmpty$SwitchIfEmptySubscriber.onNext(FluxSwitchIfEmpty.java:74) ~[reactor-core-3.4.29.jar:3.4.29]
	at reactor.core.publisher.MonoNext$NextSubscriber.onNext(MonoNext.java:82) ~[reactor-core-3.4.29.jar:3.4.29]
	at reactor.core.publisher.FluxConcatMap$ConcatMapImmediate.innerNext(FluxConcatMap.java:282) ~[reactor-core-3.4.29.jar:3.4.29]
	at reactor.core.publisher.FluxConcatMap$ConcatMapInner.onNext(FluxConcatMap.java:863) ~[reactor-core-3.4.29.jar:3.4.29]
	at reactor.core.publisher.FluxMap$MapSubscriber.onNext(FluxMap.java:122) ~[reactor-core-3.4.29.jar:3.4.29]
	at reactor.core.publisher.FluxSwitchIfEmpty$SwitchIfEmptySubscriber.onNext(FluxSwitchIfEmpty.java:74) ~[reactor-core-3.4.29.jar:3.4.29]
	at reactor.core.publisher.Operators$MonoSubscriber.complete(Operators.java:1839) ~[reactor-core-3.4.29.jar:3.4.29]
	at reactor.core.publisher.MonoFlatMap$FlatMapMain.onNext(MonoFlatMap.java:151) ~[reactor-core-3.4.29.jar:3.4.29]
	at reactor.core.publisher.FluxMap$MapSubscriber.onNext(FluxMap.java:122) ~[reactor-core-3.4.29.jar:3.4.29]
	at reactor.core.publisher.MonoNext$NextSubscriber.onNext(MonoNext.java:82) ~[reactor-core-3.4.29.jar:3.4.29]
	at reactor.core.publisher.FluxConcatMap$ConcatMapImmediate.innerNext(FluxConcatMap.java:282) ~[reactor-core-3.4.29.jar:3.4.29]
	at reactor.core.publisher.FluxConcatMap$ConcatMapInner.onNext(FluxConcatMap.java:863) ~[reactor-core-3.4.29.jar:3.4.29]
	at reactor.core.publisher.FluxOnErrorResume$ResumeSubscriber.onNext(FluxOnErrorResume.java:79) ~[reactor-core-3.4.29.jar:3.4.29]
	at reactor.core.publisher.MonoPeekTerminal$MonoTerminalPeekSubscriber.onNext(MonoPeekTerminal.java:180) ~[reactor-core-3.4.29.jar:3.4.29]
	at reactor.core.publisher.Operators$MonoSubscriber.complete(Operators.java:1839) ~[reactor-core-3.4.29.jar:3.4.29]
	at reactor.core.publisher.MonoFilterWhen$MonoFilterWhenMain.onNext(MonoFilterWhen.java:149) ~[reactor-core-3.4.29.jar:3.4.29]
	at reactor.core.publisher.Operators$ScalarSubscription.request(Operators.java:2400) ~[reactor-core-3.4.29.jar:3.4.29]
	at reactor.core.publisher.MonoFilterWhen$MonoFilterWhenMain.onSubscribe(MonoFilterWhen.java:112) ~[reactor-core-3.4.29.jar:3.4.29]
	at reactor.core.publisher.MonoJust.subscribe(MonoJust.java:55) ~[reactor-core-3.4.29.jar:3.4.29]
	at reactor.core.publisher.Mono.subscribe(Mono.java:4490) ~[reactor-core-3.4.29.jar:3.4.29]
	at reactor.core.publisher.FluxConcatMap$ConcatMapImmediate.drain(FluxConcatMap.java:451) ~[reactor-core-3.4.29.jar:3.4.29]
	at reactor.core.publisher.FluxConcatMap$ConcatMapImmediate.onNext(FluxConcatMap.java:251) ~[reactor-core-3.4.29.jar:3.4.29]
	at reactor.core.publisher.FluxDematerialize$DematerializeSubscriber.onNext(FluxDematerialize.java:98) ~[reactor-core-3.4.29.jar:3.4.29]
	at reactor.core.publisher.FluxDematerialize$DematerializeSubscriber.onNext(FluxDematerialize.java:44) ~[reactor-core-3.4.29.jar:3.4.29]
	at reactor.core.publisher.FluxIterable$IterableSubscription.slowPath(FluxIterable.java:335) ~[reactor-core-3.4.29.jar:3.4.29]
	at reactor.core.publisher.FluxIterable$IterableSubscription.request(FluxIterable.java:294) ~[reactor-core-3.4.29.jar:3.4.29]
	at reactor.core.publisher.FluxDematerialize$DematerializeSubscriber.request(FluxDematerialize.java:127) ~[reactor-core-3.4.29.jar:3.4.29]
	at reactor.core.publisher.FluxConcatMap$ConcatMapImmediate.onSubscribe(FluxConcatMap.java:236) ~[reactor-core-3.4.29.jar:3.4.29]
	at reactor.core.publisher.FluxDematerialize$DematerializeSubscriber.onSubscribe(FluxDematerialize.java:77) ~[reactor-core-3.4.29.jar:3.4.29]
	at reactor.core.publisher.FluxIterable.subscribe(FluxIterable.java:201) ~[reactor-core-3.4.29.jar:3.4.29]
	at reactor.core.publisher.FluxIterable.subscribe(FluxIterable.java:83) ~[reactor-core-3.4.29.jar:3.4.29]
	at reactor.core.publisher.InternalFluxOperator.subscribe(InternalFluxOperator.java:62) ~[reactor-core-3.4.29.jar:3.4.29]
	at reactor.core.publisher.FluxDefer.subscribe(FluxDefer.java:54) ~[reactor-core-3.4.29.jar:3.4.29]
	at reactor.core.publisher.Mono.subscribe(Mono.java:4490) ~[reactor-core-3.4.29.jar:3.4.29]
	at reactor.core.publisher.FluxConcatMap$ConcatMapImmediate.drain(FluxConcatMap.java:451) ~[reactor-core-3.4.29.jar:3.4.29]
	at reactor.core.publisher.FluxConcatMap$ConcatMapImmediate.onSubscribe(FluxConcatMap.java:219) ~[reactor-core-3.4.29.jar:3.4.29]
	at reactor.core.publisher.FluxIterable.subscribe(FluxIterable.java:201) ~[reactor-core-3.4.29.jar:3.4.29]
	at reactor.core.publisher.FluxIterable.subscribe(FluxIterable.java:83) ~[reactor-core-3.4.29.jar:3.4.29]
	at reactor.core.publisher.InternalMonoOperator.subscribe(InternalMonoOperator.java:64) ~[reactor-core-3.4.29.jar:3.4.29]
	at reactor.core.publisher.MonoDefer.subscribe(MonoDefer.java:52) ~[reactor-core-3.4.29.jar:3.4.29]
	at reactor.core.publisher.InternalMonoOperator.subscribe(InternalMonoOperator.java:64) ~[reactor-core-3.4.29.jar:3.4.29]
	at reactor.core.publisher.MonoDefer.subscribe(MonoDefer.java:52) ~[reactor-core-3.4.29.jar:3.4.29]
	at reactor.core.publisher.InternalMonoOperator.subscribe(InternalMonoOperator.java:64) ~[reactor-core-3.4.29.jar:3.4.29]
	at reactor.core.publisher.MonoDefer.subscribe(MonoDefer.java:52) ~[reactor-core-3.4.29.jar:3.4.29]
	at reactor.core.publisher.InternalMonoOperator.subscribe(InternalMonoOperator.java:64) ~[reactor-core-3.4.29.jar:3.4.29]
	at reactor.core.publisher.MonoDefer.subscribe(MonoDefer.java:52) ~[reactor-core-3.4.29.jar:3.4.29]
	at reactor.core.publisher.Mono.subscribe(Mono.java:4490) ~[reactor-core-3.4.29.jar:3.4.29]
	at reactor.core.publisher.MonoIgnoreThen$ThenIgnoreMain.subscribeNext(MonoIgnoreThen.java:263) ~[reactor-core-3.4.29.jar:3.4.29]
	at reactor.core.publisher.MonoIgnoreThen.subscribe(MonoIgnoreThen.java:51) ~[reactor-core-3.4.29.jar:3.4.29]
	at reactor.core.publisher.Mono.subscribe(Mono.java:4490) ~[reactor-core-3.4.29.jar:3.4.29]
	at org.springframework.http.server.reactive.UndertowHttpHandlerAdapter.handleRequest(UndertowHttpHandlerAdapter.java:87) ~[spring-web-5.3.27.jar:5.3.27]
	at io.undertow.server.Connectors.executeRootHandler(Connectors.java:393) ~[undertow-core-2.2.24.Final.jar:2.2.24.Final]
	at io.undertow.server.protocol.http.HttpReadListener.handleEventWithNoRunningRequest(HttpReadListener.java:256) ~[undertow-core-2.2.24.Final.jar:2.2.24.Final]
	at io.undertow.server.protocol.http.HttpReadListener.handleEvent(HttpReadListener.java:136) ~[undertow-core-2.2.24.Final.jar:2.2.24.Final]
	at io.undertow.server.protocol.http.HttpOpenListener.handleEvent(HttpOpenListener.java:162) ~[undertow-core-2.2.24.Final.jar:2.2.24.Final]
	at io.undertow.server.protocol.http.HttpOpenListener.handleEvent(HttpOpenListener.java:100) ~[undertow-core-2.2.24.Final.jar:2.2.24.Final]
	at io.undertow.server.protocol.http.HttpOpenListener.handleEvent(HttpOpenListener.java:57) ~[undertow-core-2.2.24.Final.jar:2.2.24.Final]
	at org.xnio.ChannelListeners.invokeChannelListener(ChannelListeners.java:92) ~[xnio-api-3.8.7.Final.jar:3.8.7.Final]
	at org.xnio.ChannelListeners$10.handleEvent(ChannelListeners.java:291) ~[xnio-api-3.8.7.Final.jar:3.8.7.Final]
	at org.xnio.ChannelListeners$10.handleEvent(ChannelListeners.java:286) ~[xnio-api-3.8.7.Final.jar:3.8.7.Final]
	at org.xnio.ChannelListeners.invokeChannelListener(ChannelListeners.java:92) ~[xnio-api-3.8.7.Final.jar:3.8.7.Final]
	at org.xnio.nio.QueuedNioTcpServer2.acceptTask(QueuedNioTcpServer2.java:178) ~[xnio-nio-3.8.7.Final.jar:3.8.7.Final]
	at org.xnio.nio.WorkerThread.safeRun(WorkerThread.java:612) ~[xnio-nio-3.8.7.Final.jar:3.8.7.Final]
	at org.xnio.nio.WorkerThread.run(WorkerThread.java:479) ~[xnio-nio-3.8.7.Final.jar:3.8.7.Final]

2024-07-12 09:49:33.259 ERROR 1684 --- [XNIO-1 I/O-1] [ 145] .a.t.g.f.f.AuthenticGatewayFilterFactory : Invalid request auth header

com.aiforest.tmmes.common.exception.UnAuthorizedException: Invalid request auth header
	at com.aiforest.tmmes.gateway.filter.factory.AuthenticGatewayFilterFactory$AuthenticGatewayFilter.filter(AuthenticGatewayFilterFactory.java:127) ~[classes/:na]
	at org.springframework.cloud.gateway.filter.OrderedGatewayFilter.filter(OrderedGatewayFilter.java:44) [spring-cloud-gateway-server-3.1.7.jar:3.1.7]
	at org.springframework.cloud.gateway.handler.FilteringWebHandler$DefaultGatewayFilterChain.lambda$filter$0(FilteringWebHandler.java:117) [spring-cloud-gateway-server-3.1.7.jar:3.1.7]
	at reactor.core.publisher.MonoDefer.subscribe(MonoDefer.java:44) ~[reactor-core-3.4.29.jar:3.4.29]
	at reactor.core.publisher.MonoDefer.subscribe(MonoDefer.java:52) ~[reactor-core-3.4.29.jar:3.4.29]
	at reactor.core.publisher.InternalMonoOperator.subscribe(InternalMonoOperator.java:64) ~[reactor-core-3.4.29.jar:3.4.29]
	at reactor.core.publisher.MonoDefer.subscribe(MonoDefer.java:52) ~[reactor-core-3.4.29.jar:3.4.29]
	at reactor.core.publisher.MonoDefer.subscribe(MonoDefer.java:52) ~[reactor-core-3.4.29.jar:3.4.29]
	at reactor.core.publisher.MonoDefer.subscribe(MonoDefer.java:52) ~[reactor-core-3.4.29.jar:3.4.29]
	at reactor.core.publisher.Mono.subscribe(Mono.java:4490) ~[reactor-core-3.4.29.jar:3.4.29]
	at reactor.core.publisher.MonoIgnoreThen$ThenIgnoreMain.subscribeNext(MonoIgnoreThen.java:263) ~[reactor-core-3.4.29.jar:3.4.29]
	at reactor.core.publisher.MonoIgnoreThen.subscribe(MonoIgnoreThen.java:51) ~[reactor-core-3.4.29.jar:3.4.29]
	at reactor.core.publisher.InternalMonoOperator.subscribe(InternalMonoOperator.java:64) ~[reactor-core-3.4.29.jar:3.4.29]
	at reactor.core.publisher.MonoDefer.subscribe(MonoDefer.java:52) ~[reactor-core-3.4.29.jar:3.4.29]
	at reactor.core.publisher.MonoDefer.subscribe(MonoDefer.java:52) ~[reactor-core-3.4.29.jar:3.4.29]
	at reactor.core.publisher.InternalMonoOperator.subscribe(InternalMonoOperator.java:64) ~[reactor-core-3.4.29.jar:3.4.29]
	at reactor.core.publisher.MonoDefer.subscribe(MonoDefer.java:52) ~[reactor-core-3.4.29.jar:3.4.29]
	at reactor.core.publisher.Mono.subscribe(Mono.java:4490) ~[reactor-core-3.4.29.jar:3.4.29]
	at reactor.core.publisher.MonoIgnoreThen$ThenIgnoreMain.subscribeNext(MonoIgnoreThen.java:263) ~[reactor-core-3.4.29.jar:3.4.29]
	at reactor.core.publisher.MonoIgnoreThen.subscribe(MonoIgnoreThen.java:51) ~[reactor-core-3.4.29.jar:3.4.29]
	at reactor.core.publisher.MonoFlatMap$FlatMapMain.onNext(MonoFlatMap.java:157) ~[reactor-core-3.4.29.jar:3.4.29]
	at reactor.core.publisher.FluxSwitchIfEmpty$SwitchIfEmptySubscriber.onNext(FluxSwitchIfEmpty.java:74) ~[reactor-core-3.4.29.jar:3.4.29]
	at reactor.core.publisher.MonoNext$NextSubscriber.onNext(MonoNext.java:82) ~[reactor-core-3.4.29.jar:3.4.29]
	at reactor.core.publisher.FluxConcatMap$ConcatMapImmediate.innerNext(FluxConcatMap.java:282) ~[reactor-core-3.4.29.jar:3.4.29]
	at reactor.core.publisher.FluxConcatMap$ConcatMapInner.onNext(FluxConcatMap.java:863) ~[reactor-core-3.4.29.jar:3.4.29]
	at reactor.core.publisher.FluxMap$MapSubscriber.onNext(FluxMap.java:122) ~[reactor-core-3.4.29.jar:3.4.29]
	at reactor.core.publisher.FluxSwitchIfEmpty$SwitchIfEmptySubscriber.onNext(FluxSwitchIfEmpty.java:74) ~[reactor-core-3.4.29.jar:3.4.29]
	at reactor.core.publisher.Operators$MonoSubscriber.complete(Operators.java:1839) ~[reactor-core-3.4.29.jar:3.4.29]
	at reactor.core.publisher.MonoFlatMap$FlatMapMain.onNext(MonoFlatMap.java:151) ~[reactor-core-3.4.29.jar:3.4.29]
	at reactor.core.publisher.FluxMap$MapSubscriber.onNext(FluxMap.java:122) ~[reactor-core-3.4.29.jar:3.4.29]
	at reactor.core.publisher.MonoNext$NextSubscriber.onNext(MonoNext.java:82) ~[reactor-core-3.4.29.jar:3.4.29]
	at reactor.core.publisher.FluxConcatMap$ConcatMapImmediate.innerNext(FluxConcatMap.java:282) ~[reactor-core-3.4.29.jar:3.4.29]
	at reactor.core.publisher.FluxConcatMap$ConcatMapInner.onNext(FluxConcatMap.java:863) ~[reactor-core-3.4.29.jar:3.4.29]
	at reactor.core.publisher.FluxOnErrorResume$ResumeSubscriber.onNext(FluxOnErrorResume.java:79) ~[reactor-core-3.4.29.jar:3.4.29]
	at reactor.core.publisher.MonoPeekTerminal$MonoTerminalPeekSubscriber.onNext(MonoPeekTerminal.java:180) ~[reactor-core-3.4.29.jar:3.4.29]
	at reactor.core.publisher.Operators$MonoSubscriber.complete(Operators.java:1839) ~[reactor-core-3.4.29.jar:3.4.29]
	at reactor.core.publisher.MonoFilterWhen$MonoFilterWhenMain.onNext(MonoFilterWhen.java:149) ~[reactor-core-3.4.29.jar:3.4.29]
	at reactor.core.publisher.Operators$ScalarSubscription.request(Operators.java:2400) ~[reactor-core-3.4.29.jar:3.4.29]
	at reactor.core.publisher.MonoFilterWhen$MonoFilterWhenMain.onSubscribe(MonoFilterWhen.java:112) ~[reactor-core-3.4.29.jar:3.4.29]
	at reactor.core.publisher.MonoJust.subscribe(MonoJust.java:55) ~[reactor-core-3.4.29.jar:3.4.29]
	at reactor.core.publisher.Mono.subscribe(Mono.java:4490) ~[reactor-core-3.4.29.jar:3.4.29]
	at reactor.core.publisher.FluxConcatMap$ConcatMapImmediate.drain(FluxConcatMap.java:451) ~[reactor-core-3.4.29.jar:3.4.29]
	at reactor.core.publisher.FluxConcatMap$ConcatMapImmediate.onNext(FluxConcatMap.java:251) ~[reactor-core-3.4.29.jar:3.4.29]
	at reactor.core.publisher.FluxDematerialize$DematerializeSubscriber.onNext(FluxDematerialize.java:98) ~[reactor-core-3.4.29.jar:3.4.29]
	at reactor.core.publisher.FluxDematerialize$DematerializeSubscriber.onNext(FluxDematerialize.java:44) ~[reactor-core-3.4.29.jar:3.4.29]
	at reactor.core.publisher.FluxIterable$IterableSubscription.slowPath(FluxIterable.java:335) ~[reactor-core-3.4.29.jar:3.4.29]
	at reactor.core.publisher.FluxIterable$IterableSubscription.request(FluxIterable.java:294) ~[reactor-core-3.4.29.jar:3.4.29]
	at reactor.core.publisher.FluxDematerialize$DematerializeSubscriber.request(FluxDematerialize.java:127) ~[reactor-core-3.4.29.jar:3.4.29]
	at reactor.core.publisher.FluxConcatMap$ConcatMapImmediate.onSubscribe(FluxConcatMap.java:236) ~[reactor-core-3.4.29.jar:3.4.29]
	at reactor.core.publisher.FluxDematerialize$DematerializeSubscriber.onSubscribe(FluxDematerialize.java:77) ~[reactor-core-3.4.29.jar:3.4.29]
	at reactor.core.publisher.FluxIterable.subscribe(FluxIterable.java:201) ~[reactor-core-3.4.29.jar:3.4.29]
	at reactor.core.publisher.FluxIterable.subscribe(FluxIterable.java:83) ~[reactor-core-3.4.29.jar:3.4.29]
	at reactor.core.publisher.InternalFluxOperator.subscribe(InternalFluxOperator.java:62) ~[reactor-core-3.4.29.jar:3.4.29]
	at reactor.core.publisher.FluxDefer.subscribe(FluxDefer.java:54) ~[reactor-core-3.4.29.jar:3.4.29]
	at reactor.core.publisher.Mono.subscribe(Mono.java:4490) ~[reactor-core-3.4.29.jar:3.4.29]
	at reactor.core.publisher.FluxConcatMap$ConcatMapImmediate.drain(FluxConcatMap.java:451) ~[reactor-core-3.4.29.jar:3.4.29]
	at reactor.core.publisher.FluxConcatMap$ConcatMapImmediate.onSubscribe(FluxConcatMap.java:219) ~[reactor-core-3.4.29.jar:3.4.29]
	at reactor.core.publisher.FluxIterable.subscribe(FluxIterable.java:201) ~[reactor-core-3.4.29.jar:3.4.29]
	at reactor.core.publisher.FluxIterable.subscribe(FluxIterable.java:83) ~[reactor-core-3.4.29.jar:3.4.29]
	at reactor.core.publisher.InternalMonoOperator.subscribe(InternalMonoOperator.java:64) ~[reactor-core-3.4.29.jar:3.4.29]
	at reactor.core.publisher.MonoDefer.subscribe(MonoDefer.java:52) ~[reactor-core-3.4.29.jar:3.4.29]
	at reactor.core.publisher.InternalMonoOperator.subscribe(InternalMonoOperator.java:64) ~[reactor-core-3.4.29.jar:3.4.29]
	at reactor.core.publisher.MonoDefer.subscribe(MonoDefer.java:52) ~[reactor-core-3.4.29.jar:3.4.29]
	at reactor.core.publisher.InternalMonoOperator.subscribe(InternalMonoOperator.java:64) ~[reactor-core-3.4.29.jar:3.4.29]
	at reactor.core.publisher.MonoDefer.subscribe(MonoDefer.java:52) ~[reactor-core-3.4.29.jar:3.4.29]
	at reactor.core.publisher.InternalMonoOperator.subscribe(InternalMonoOperator.java:64) ~[reactor-core-3.4.29.jar:3.4.29]
	at reactor.core.publisher.MonoDefer.subscribe(MonoDefer.java:52) ~[reactor-core-3.4.29.jar:3.4.29]
	at reactor.core.publisher.Mono.subscribe(Mono.java:4490) ~[reactor-core-3.4.29.jar:3.4.29]
	at reactor.core.publisher.MonoIgnoreThen$ThenIgnoreMain.subscribeNext(MonoIgnoreThen.java:263) ~[reactor-core-3.4.29.jar:3.4.29]
	at reactor.core.publisher.MonoIgnoreThen.subscribe(MonoIgnoreThen.java:51) ~[reactor-core-3.4.29.jar:3.4.29]
	at reactor.core.publisher.Mono.subscribe(Mono.java:4490) ~[reactor-core-3.4.29.jar:3.4.29]
	at org.springframework.http.server.reactive.UndertowHttpHandlerAdapter.handleRequest(UndertowHttpHandlerAdapter.java:87) ~[spring-web-5.3.27.jar:5.3.27]
	at io.undertow.server.Connectors.executeRootHandler(Connectors.java:393) ~[undertow-core-2.2.24.Final.jar:2.2.24.Final]
	at io.undertow.server.protocol.http.HttpReadListener.handleEventWithNoRunningRequest(HttpReadListener.java:256) ~[undertow-core-2.2.24.Final.jar:2.2.24.Final]
	at io.undertow.server.protocol.http.HttpReadListener.handleEvent(HttpReadListener.java:136) ~[undertow-core-2.2.24.Final.jar:2.2.24.Final]
	at io.undertow.server.protocol.http.HttpOpenListener.handleEvent(HttpOpenListener.java:162) ~[undertow-core-2.2.24.Final.jar:2.2.24.Final]
	at io.undertow.server.protocol.http.HttpOpenListener.handleEvent(HttpOpenListener.java:100) ~[undertow-core-2.2.24.Final.jar:2.2.24.Final]
	at io.undertow.server.protocol.http.HttpOpenListener.handleEvent(HttpOpenListener.java:57) ~[undertow-core-2.2.24.Final.jar:2.2.24.Final]
	at org.xnio.ChannelListeners.invokeChannelListener(ChannelListeners.java:92) ~[xnio-api-3.8.7.Final.jar:3.8.7.Final]
	at org.xnio.ChannelListeners$10.handleEvent(ChannelListeners.java:291) ~[xnio-api-3.8.7.Final.jar:3.8.7.Final]
	at org.xnio.ChannelListeners$10.handleEvent(ChannelListeners.java:286) ~[xnio-api-3.8.7.Final.jar:3.8.7.Final]
	at org.xnio.ChannelListeners.invokeChannelListener(ChannelListeners.java:92) ~[xnio-api-3.8.7.Final.jar:3.8.7.Final]
	at org.xnio.nio.QueuedNioTcpServer2.acceptTask(QueuedNioTcpServer2.java:178) ~[xnio-nio-3.8.7.Final.jar:3.8.7.Final]
	at org.xnio.nio.WorkerThread.safeRun(WorkerThread.java:612) ~[xnio-nio-3.8.7.Final.jar:3.8.7.Final]
	at org.xnio.nio.WorkerThread.run(WorkerThread.java:479) ~[xnio-nio-3.8.7.Final.jar:3.8.7.Final]

2024-07-12 09:59:39.896 ERROR 1684 --- [XNIO-1 I/O-1] [ 145] .a.t.g.f.f.AuthenticGatewayFilterFactory : Invalid request auth header

com.aiforest.tmmes.common.exception.UnAuthorizedException: Invalid request auth header
	at com.aiforest.tmmes.gateway.filter.factory.AuthenticGatewayFilterFactory$AuthenticGatewayFilter.filter(AuthenticGatewayFilterFactory.java:127) ~[classes/:na]
	at org.springframework.cloud.gateway.filter.OrderedGatewayFilter.filter(OrderedGatewayFilter.java:44) [spring-cloud-gateway-server-3.1.7.jar:3.1.7]
	at org.springframework.cloud.gateway.handler.FilteringWebHandler$DefaultGatewayFilterChain.lambda$filter$0(FilteringWebHandler.java:117) [spring-cloud-gateway-server-3.1.7.jar:3.1.7]
	at reactor.core.publisher.MonoDefer.subscribe(MonoDefer.java:44) ~[reactor-core-3.4.29.jar:3.4.29]
	at reactor.core.publisher.MonoDefer.subscribe(MonoDefer.java:52) ~[reactor-core-3.4.29.jar:3.4.29]
	at reactor.core.publisher.InternalMonoOperator.subscribe(InternalMonoOperator.java:64) ~[reactor-core-3.4.29.jar:3.4.29]
	at reactor.core.publisher.MonoDefer.subscribe(MonoDefer.java:52) ~[reactor-core-3.4.29.jar:3.4.29]
	at reactor.core.publisher.MonoDefer.subscribe(MonoDefer.java:52) ~[reactor-core-3.4.29.jar:3.4.29]
	at reactor.core.publisher.MonoDefer.subscribe(MonoDefer.java:52) ~[reactor-core-3.4.29.jar:3.4.29]
	at reactor.core.publisher.Mono.subscribe(Mono.java:4490) ~[reactor-core-3.4.29.jar:3.4.29]
	at reactor.core.publisher.MonoIgnoreThen$ThenIgnoreMain.subscribeNext(MonoIgnoreThen.java:263) ~[reactor-core-3.4.29.jar:3.4.29]
	at reactor.core.publisher.MonoIgnoreThen.subscribe(MonoIgnoreThen.java:51) ~[reactor-core-3.4.29.jar:3.4.29]
	at reactor.core.publisher.InternalMonoOperator.subscribe(InternalMonoOperator.java:64) ~[reactor-core-3.4.29.jar:3.4.29]
	at reactor.core.publisher.MonoDefer.subscribe(MonoDefer.java:52) ~[reactor-core-3.4.29.jar:3.4.29]
	at reactor.core.publisher.MonoDefer.subscribe(MonoDefer.java:52) ~[reactor-core-3.4.29.jar:3.4.29]
	at reactor.core.publisher.InternalMonoOperator.subscribe(InternalMonoOperator.java:64) ~[reactor-core-3.4.29.jar:3.4.29]
	at reactor.core.publisher.MonoDefer.subscribe(MonoDefer.java:52) ~[reactor-core-3.4.29.jar:3.4.29]
	at reactor.core.publisher.Mono.subscribe(Mono.java:4490) ~[reactor-core-3.4.29.jar:3.4.29]
	at reactor.core.publisher.MonoIgnoreThen$ThenIgnoreMain.subscribeNext(MonoIgnoreThen.java:263) ~[reactor-core-3.4.29.jar:3.4.29]
	at reactor.core.publisher.MonoIgnoreThen.subscribe(MonoIgnoreThen.java:51) ~[reactor-core-3.4.29.jar:3.4.29]
	at reactor.core.publisher.MonoFlatMap$FlatMapMain.onNext(MonoFlatMap.java:157) ~[reactor-core-3.4.29.jar:3.4.29]
	at reactor.core.publisher.FluxSwitchIfEmpty$SwitchIfEmptySubscriber.onNext(FluxSwitchIfEmpty.java:74) ~[reactor-core-3.4.29.jar:3.4.29]
	at reactor.core.publisher.MonoNext$NextSubscriber.onNext(MonoNext.java:82) ~[reactor-core-3.4.29.jar:3.4.29]
	at reactor.core.publisher.FluxConcatMap$ConcatMapImmediate.innerNext(FluxConcatMap.java:282) ~[reactor-core-3.4.29.jar:3.4.29]
	at reactor.core.publisher.FluxConcatMap$ConcatMapInner.onNext(FluxConcatMap.java:863) ~[reactor-core-3.4.29.jar:3.4.29]
	at reactor.core.publisher.FluxMap$MapSubscriber.onNext(FluxMap.java:122) ~[reactor-core-3.4.29.jar:3.4.29]
	at reactor.core.publisher.FluxSwitchIfEmpty$SwitchIfEmptySubscriber.onNext(FluxSwitchIfEmpty.java:74) ~[reactor-core-3.4.29.jar:3.4.29]
	at reactor.core.publisher.Operators$MonoSubscriber.complete(Operators.java:1839) ~[reactor-core-3.4.29.jar:3.4.29]
	at reactor.core.publisher.MonoFlatMap$FlatMapMain.onNext(MonoFlatMap.java:151) ~[reactor-core-3.4.29.jar:3.4.29]
	at reactor.core.publisher.FluxMap$MapSubscriber.onNext(FluxMap.java:122) ~[reactor-core-3.4.29.jar:3.4.29]
	at reactor.core.publisher.MonoNext$NextSubscriber.onNext(MonoNext.java:82) ~[reactor-core-3.4.29.jar:3.4.29]
	at reactor.core.publisher.FluxConcatMap$ConcatMapImmediate.innerNext(FluxConcatMap.java:282) ~[reactor-core-3.4.29.jar:3.4.29]
	at reactor.core.publisher.FluxConcatMap$ConcatMapInner.onNext(FluxConcatMap.java:863) ~[reactor-core-3.4.29.jar:3.4.29]
	at reactor.core.publisher.FluxOnErrorResume$ResumeSubscriber.onNext(FluxOnErrorResume.java:79) ~[reactor-core-3.4.29.jar:3.4.29]
	at reactor.core.publisher.MonoPeekTerminal$MonoTerminalPeekSubscriber.onNext(MonoPeekTerminal.java:180) ~[reactor-core-3.4.29.jar:3.4.29]
	at reactor.core.publisher.Operators$MonoSubscriber.complete(Operators.java:1839) ~[reactor-core-3.4.29.jar:3.4.29]
	at reactor.core.publisher.MonoFilterWhen$MonoFilterWhenMain.onNext(MonoFilterWhen.java:149) ~[reactor-core-3.4.29.jar:3.4.29]
	at reactor.core.publisher.Operators$ScalarSubscription.request(Operators.java:2400) ~[reactor-core-3.4.29.jar:3.4.29]
	at reactor.core.publisher.MonoFilterWhen$MonoFilterWhenMain.onSubscribe(MonoFilterWhen.java:112) ~[reactor-core-3.4.29.jar:3.4.29]
	at reactor.core.publisher.MonoJust.subscribe(MonoJust.java:55) ~[reactor-core-3.4.29.jar:3.4.29]
	at reactor.core.publisher.Mono.subscribe(Mono.java:4490) ~[reactor-core-3.4.29.jar:3.4.29]
	at reactor.core.publisher.FluxConcatMap$ConcatMapImmediate.drain(FluxConcatMap.java:451) ~[reactor-core-3.4.29.jar:3.4.29]
	at reactor.core.publisher.FluxConcatMap$ConcatMapImmediate.onNext(FluxConcatMap.java:251) ~[reactor-core-3.4.29.jar:3.4.29]
	at reactor.core.publisher.FluxDematerialize$DematerializeSubscriber.onNext(FluxDematerialize.java:98) ~[reactor-core-3.4.29.jar:3.4.29]
	at reactor.core.publisher.FluxDematerialize$DematerializeSubscriber.onNext(FluxDematerialize.java:44) ~[reactor-core-3.4.29.jar:3.4.29]
	at reactor.core.publisher.FluxIterable$IterableSubscription.slowPath(FluxIterable.java:335) ~[reactor-core-3.4.29.jar:3.4.29]
	at reactor.core.publisher.FluxIterable$IterableSubscription.request(FluxIterable.java:294) ~[reactor-core-3.4.29.jar:3.4.29]
	at reactor.core.publisher.FluxDematerialize$DematerializeSubscriber.request(FluxDematerialize.java:127) ~[reactor-core-3.4.29.jar:3.4.29]
	at reactor.core.publisher.FluxConcatMap$ConcatMapImmediate.onSubscribe(FluxConcatMap.java:236) ~[reactor-core-3.4.29.jar:3.4.29]
	at reactor.core.publisher.FluxDematerialize$DematerializeSubscriber.onSubscribe(FluxDematerialize.java:77) ~[reactor-core-3.4.29.jar:3.4.29]
	at reactor.core.publisher.FluxIterable.subscribe(FluxIterable.java:201) ~[reactor-core-3.4.29.jar:3.4.29]
	at reactor.core.publisher.FluxIterable.subscribe(FluxIterable.java:83) ~[reactor-core-3.4.29.jar:3.4.29]
	at reactor.core.publisher.InternalFluxOperator.subscribe(InternalFluxOperator.java:62) ~[reactor-core-3.4.29.jar:3.4.29]
	at reactor.core.publisher.FluxDefer.subscribe(FluxDefer.java:54) ~[reactor-core-3.4.29.jar:3.4.29]
	at reactor.core.publisher.Mono.subscribe(Mono.java:4490) ~[reactor-core-3.4.29.jar:3.4.29]
	at reactor.core.publisher.FluxConcatMap$ConcatMapImmediate.drain(FluxConcatMap.java:451) ~[reactor-core-3.4.29.jar:3.4.29]
	at reactor.core.publisher.FluxConcatMap$ConcatMapImmediate.onSubscribe(FluxConcatMap.java:219) ~[reactor-core-3.4.29.jar:3.4.29]
	at reactor.core.publisher.FluxIterable.subscribe(FluxIterable.java:201) ~[reactor-core-3.4.29.jar:3.4.29]
	at reactor.core.publisher.FluxIterable.subscribe(FluxIterable.java:83) ~[reactor-core-3.4.29.jar:3.4.29]
	at reactor.core.publisher.InternalMonoOperator.subscribe(InternalMonoOperator.java:64) ~[reactor-core-3.4.29.jar:3.4.29]
	at reactor.core.publisher.MonoDefer.subscribe(MonoDefer.java:52) ~[reactor-core-3.4.29.jar:3.4.29]
	at reactor.core.publisher.InternalMonoOperator.subscribe(InternalMonoOperator.java:64) ~[reactor-core-3.4.29.jar:3.4.29]
	at reactor.core.publisher.MonoDefer.subscribe(MonoDefer.java:52) ~[reactor-core-3.4.29.jar:3.4.29]
	at reactor.core.publisher.InternalMonoOperator.subscribe(InternalMonoOperator.java:64) ~[reactor-core-3.4.29.jar:3.4.29]
	at reactor.core.publisher.MonoDefer.subscribe(MonoDefer.java:52) ~[reactor-core-3.4.29.jar:3.4.29]
	at reactor.core.publisher.InternalMonoOperator.subscribe(InternalMonoOperator.java:64) ~[reactor-core-3.4.29.jar:3.4.29]
	at reactor.core.publisher.MonoDefer.subscribe(MonoDefer.java:52) ~[reactor-core-3.4.29.jar:3.4.29]
	at reactor.core.publisher.Mono.subscribe(Mono.java:4490) ~[reactor-core-3.4.29.jar:3.4.29]
	at reactor.core.publisher.MonoIgnoreThen$ThenIgnoreMain.subscribeNext(MonoIgnoreThen.java:263) ~[reactor-core-3.4.29.jar:3.4.29]
	at reactor.core.publisher.MonoIgnoreThen.subscribe(MonoIgnoreThen.java:51) ~[reactor-core-3.4.29.jar:3.4.29]
	at reactor.core.publisher.Mono.subscribe(Mono.java:4490) ~[reactor-core-3.4.29.jar:3.4.29]
	at org.springframework.http.server.reactive.UndertowHttpHandlerAdapter.handleRequest(UndertowHttpHandlerAdapter.java:87) ~[spring-web-5.3.27.jar:5.3.27]
	at io.undertow.server.Connectors.executeRootHandler(Connectors.java:393) ~[undertow-core-2.2.24.Final.jar:2.2.24.Final]
	at io.undertow.server.protocol.http.HttpReadListener.handleEventWithNoRunningRequest(HttpReadListener.java:256) ~[undertow-core-2.2.24.Final.jar:2.2.24.Final]
	at io.undertow.server.protocol.http.HttpReadListener.handleEvent(HttpReadListener.java:136) ~[undertow-core-2.2.24.Final.jar:2.2.24.Final]
	at io.undertow.server.protocol.http.HttpOpenListener.handleEvent(HttpOpenListener.java:162) ~[undertow-core-2.2.24.Final.jar:2.2.24.Final]
	at io.undertow.server.protocol.http.HttpOpenListener.handleEvent(HttpOpenListener.java:100) ~[undertow-core-2.2.24.Final.jar:2.2.24.Final]
	at io.undertow.server.protocol.http.HttpOpenListener.handleEvent(HttpOpenListener.java:57) ~[undertow-core-2.2.24.Final.jar:2.2.24.Final]
	at org.xnio.ChannelListeners.invokeChannelListener(ChannelListeners.java:92) ~[xnio-api-3.8.7.Final.jar:3.8.7.Final]
	at org.xnio.ChannelListeners$10.handleEvent(ChannelListeners.java:291) ~[xnio-api-3.8.7.Final.jar:3.8.7.Final]
	at org.xnio.ChannelListeners$10.handleEvent(ChannelListeners.java:286) ~[xnio-api-3.8.7.Final.jar:3.8.7.Final]
	at org.xnio.ChannelListeners.invokeChannelListener(ChannelListeners.java:92) ~[xnio-api-3.8.7.Final.jar:3.8.7.Final]
	at org.xnio.nio.QueuedNioTcpServer2.acceptTask(QueuedNioTcpServer2.java:178) ~[xnio-nio-3.8.7.Final.jar:3.8.7.Final]
	at org.xnio.nio.WorkerThread.safeRun(WorkerThread.java:612) ~[xnio-nio-3.8.7.Final.jar:3.8.7.Final]
	at org.xnio.nio.WorkerThread.run(WorkerThread.java:479) ~[xnio-nio-3.8.7.Final.jar:3.8.7.Final]

2024-07-12 09:59:39.949 ERROR 1684 --- [XNIO-1 I/O-2] [ 145] .a.t.g.f.f.AuthenticGatewayFilterFactory : Invalid request auth header

com.aiforest.tmmes.common.exception.UnAuthorizedException: Invalid request auth header
	at com.aiforest.tmmes.gateway.filter.factory.AuthenticGatewayFilterFactory$AuthenticGatewayFilter.filter(AuthenticGatewayFilterFactory.java:127) ~[classes/:na]
	at org.springframework.cloud.gateway.filter.OrderedGatewayFilter.filter(OrderedGatewayFilter.java:44) [spring-cloud-gateway-server-3.1.7.jar:3.1.7]
	at org.springframework.cloud.gateway.handler.FilteringWebHandler$DefaultGatewayFilterChain.lambda$filter$0(FilteringWebHandler.java:117) [spring-cloud-gateway-server-3.1.7.jar:3.1.7]
	at reactor.core.publisher.MonoDefer.subscribe(MonoDefer.java:44) ~[reactor-core-3.4.29.jar:3.4.29]
	at reactor.core.publisher.MonoDefer.subscribe(MonoDefer.java:52) ~[reactor-core-3.4.29.jar:3.4.29]
	at reactor.core.publisher.InternalMonoOperator.subscribe(InternalMonoOperator.java:64) ~[reactor-core-3.4.29.jar:3.4.29]
	at reactor.core.publisher.MonoDefer.subscribe(MonoDefer.java:52) ~[reactor-core-3.4.29.jar:3.4.29]
	at reactor.core.publisher.MonoDefer.subscribe(MonoDefer.java:52) ~[reactor-core-3.4.29.jar:3.4.29]
	at reactor.core.publisher.MonoDefer.subscribe(MonoDefer.java:52) ~[reactor-core-3.4.29.jar:3.4.29]
	at reactor.core.publisher.Mono.subscribe(Mono.java:4490) ~[reactor-core-3.4.29.jar:3.4.29]
	at reactor.core.publisher.MonoIgnoreThen$ThenIgnoreMain.subscribeNext(MonoIgnoreThen.java:263) ~[reactor-core-3.4.29.jar:3.4.29]
	at reactor.core.publisher.MonoIgnoreThen.subscribe(MonoIgnoreThen.java:51) ~[reactor-core-3.4.29.jar:3.4.29]
	at reactor.core.publisher.InternalMonoOperator.subscribe(InternalMonoOperator.java:64) ~[reactor-core-3.4.29.jar:3.4.29]
	at reactor.core.publisher.MonoDefer.subscribe(MonoDefer.java:52) ~[reactor-core-3.4.29.jar:3.4.29]
	at reactor.core.publisher.MonoDefer.subscribe(MonoDefer.java:52) ~[reactor-core-3.4.29.jar:3.4.29]
	at reactor.core.publisher.InternalMonoOperator.subscribe(InternalMonoOperator.java:64) ~[reactor-core-3.4.29.jar:3.4.29]
	at reactor.core.publisher.MonoDefer.subscribe(MonoDefer.java:52) ~[reactor-core-3.4.29.jar:3.4.29]
	at reactor.core.publisher.Mono.subscribe(Mono.java:4490) ~[reactor-core-3.4.29.jar:3.4.29]
	at reactor.core.publisher.MonoIgnoreThen$ThenIgnoreMain.subscribeNext(MonoIgnoreThen.java:263) ~[reactor-core-3.4.29.jar:3.4.29]
	at reactor.core.publisher.MonoIgnoreThen.subscribe(MonoIgnoreThen.java:51) ~[reactor-core-3.4.29.jar:3.4.29]
	at reactor.core.publisher.MonoFlatMap$FlatMapMain.onNext(MonoFlatMap.java:157) ~[reactor-core-3.4.29.jar:3.4.29]
	at reactor.core.publisher.FluxSwitchIfEmpty$SwitchIfEmptySubscriber.onNext(FluxSwitchIfEmpty.java:74) ~[reactor-core-3.4.29.jar:3.4.29]
	at reactor.core.publisher.MonoNext$NextSubscriber.onNext(MonoNext.java:82) ~[reactor-core-3.4.29.jar:3.4.29]
	at reactor.core.publisher.FluxConcatMap$ConcatMapImmediate.innerNext(FluxConcatMap.java:282) ~[reactor-core-3.4.29.jar:3.4.29]
	at reactor.core.publisher.FluxConcatMap$ConcatMapInner.onNext(FluxConcatMap.java:863) ~[reactor-core-3.4.29.jar:3.4.29]
	at reactor.core.publisher.FluxMap$MapSubscriber.onNext(FluxMap.java:122) ~[reactor-core-3.4.29.jar:3.4.29]
	at reactor.core.publisher.FluxSwitchIfEmpty$SwitchIfEmptySubscriber.onNext(FluxSwitchIfEmpty.java:74) ~[reactor-core-3.4.29.jar:3.4.29]
	at reactor.core.publisher.Operators$MonoSubscriber.complete(Operators.java:1839) ~[reactor-core-3.4.29.jar:3.4.29]
	at reactor.core.publisher.MonoFlatMap$FlatMapMain.onNext(MonoFlatMap.java:151) ~[reactor-core-3.4.29.jar:3.4.29]
	at reactor.core.publisher.FluxMap$MapSubscriber.onNext(FluxMap.java:122) ~[reactor-core-3.4.29.jar:3.4.29]
	at reactor.core.publisher.MonoNext$NextSubscriber.onNext(MonoNext.java:82) ~[reactor-core-3.4.29.jar:3.4.29]
	at reactor.core.publisher.FluxConcatMap$ConcatMapImmediate.innerNext(FluxConcatMap.java:282) ~[reactor-core-3.4.29.jar:3.4.29]
	at reactor.core.publisher.FluxConcatMap$ConcatMapInner.onNext(FluxConcatMap.java:863) ~[reactor-core-3.4.29.jar:3.4.29]
	at reactor.core.publisher.FluxOnErrorResume$ResumeSubscriber.onNext(FluxOnErrorResume.java:79) ~[reactor-core-3.4.29.jar:3.4.29]
	at reactor.core.publisher.MonoPeekTerminal$MonoTerminalPeekSubscriber.onNext(MonoPeekTerminal.java:180) ~[reactor-core-3.4.29.jar:3.4.29]
	at reactor.core.publisher.Operators$MonoSubscriber.complete(Operators.java:1839) ~[reactor-core-3.4.29.jar:3.4.29]
	at reactor.core.publisher.MonoFilterWhen$MonoFilterWhenMain.onNext(MonoFilterWhen.java:149) ~[reactor-core-3.4.29.jar:3.4.29]
	at reactor.core.publisher.Operators$ScalarSubscription.request(Operators.java:2400) ~[reactor-core-3.4.29.jar:3.4.29]
	at reactor.core.publisher.MonoFilterWhen$MonoFilterWhenMain.onSubscribe(MonoFilterWhen.java:112) ~[reactor-core-3.4.29.jar:3.4.29]
	at reactor.core.publisher.MonoJust.subscribe(MonoJust.java:55) ~[reactor-core-3.4.29.jar:3.4.29]
	at reactor.core.publisher.Mono.subscribe(Mono.java:4490) ~[reactor-core-3.4.29.jar:3.4.29]
	at reactor.core.publisher.FluxConcatMap$ConcatMapImmediate.drain(FluxConcatMap.java:451) ~[reactor-core-3.4.29.jar:3.4.29]
	at reactor.core.publisher.FluxConcatMap$ConcatMapImmediate.onNext(FluxConcatMap.java:251) ~[reactor-core-3.4.29.jar:3.4.29]
	at reactor.core.publisher.FluxDematerialize$DematerializeSubscriber.onNext(FluxDematerialize.java:98) ~[reactor-core-3.4.29.jar:3.4.29]
	at reactor.core.publisher.FluxDematerialize$DematerializeSubscriber.onNext(FluxDematerialize.java:44) ~[reactor-core-3.4.29.jar:3.4.29]
	at reactor.core.publisher.FluxIterable$IterableSubscription.slowPath(FluxIterable.java:335) ~[reactor-core-3.4.29.jar:3.4.29]
	at reactor.core.publisher.FluxIterable$IterableSubscription.request(FluxIterable.java:294) ~[reactor-core-3.4.29.jar:3.4.29]
	at reactor.core.publisher.FluxDematerialize$DematerializeSubscriber.request(FluxDematerialize.java:127) ~[reactor-core-3.4.29.jar:3.4.29]
	at reactor.core.publisher.FluxConcatMap$ConcatMapImmediate.onSubscribe(FluxConcatMap.java:236) ~[reactor-core-3.4.29.jar:3.4.29]
	at reactor.core.publisher.FluxDematerialize$DematerializeSubscriber.onSubscribe(FluxDematerialize.java:77) ~[reactor-core-3.4.29.jar:3.4.29]
	at reactor.core.publisher.FluxIterable.subscribe(FluxIterable.java:201) ~[reactor-core-3.4.29.jar:3.4.29]
	at reactor.core.publisher.FluxIterable.subscribe(FluxIterable.java:83) ~[reactor-core-3.4.29.jar:3.4.29]
	at reactor.core.publisher.InternalFluxOperator.subscribe(InternalFluxOperator.java:62) ~[reactor-core-3.4.29.jar:3.4.29]
	at reactor.core.publisher.FluxDefer.subscribe(FluxDefer.java:54) ~[reactor-core-3.4.29.jar:3.4.29]
	at reactor.core.publisher.Mono.subscribe(Mono.java:4490) ~[reactor-core-3.4.29.jar:3.4.29]
	at reactor.core.publisher.FluxConcatMap$ConcatMapImmediate.drain(FluxConcatMap.java:451) ~[reactor-core-3.4.29.jar:3.4.29]
	at reactor.core.publisher.FluxConcatMap$ConcatMapImmediate.onSubscribe(FluxConcatMap.java:219) ~[reactor-core-3.4.29.jar:3.4.29]
	at reactor.core.publisher.FluxIterable.subscribe(FluxIterable.java:201) ~[reactor-core-3.4.29.jar:3.4.29]
	at reactor.core.publisher.FluxIterable.subscribe(FluxIterable.java:83) ~[reactor-core-3.4.29.jar:3.4.29]
	at reactor.core.publisher.InternalMonoOperator.subscribe(InternalMonoOperator.java:64) ~[reactor-core-3.4.29.jar:3.4.29]
	at reactor.core.publisher.MonoDefer.subscribe(MonoDefer.java:52) ~[reactor-core-3.4.29.jar:3.4.29]
	at reactor.core.publisher.InternalMonoOperator.subscribe(InternalMonoOperator.java:64) ~[reactor-core-3.4.29.jar:3.4.29]
	at reactor.core.publisher.MonoDefer.subscribe(MonoDefer.java:52) ~[reactor-core-3.4.29.jar:3.4.29]
	at reactor.core.publisher.InternalMonoOperator.subscribe(InternalMonoOperator.java:64) ~[reactor-core-3.4.29.jar:3.4.29]
	at reactor.core.publisher.MonoDefer.subscribe(MonoDefer.java:52) ~[reactor-core-3.4.29.jar:3.4.29]
	at reactor.core.publisher.InternalMonoOperator.subscribe(InternalMonoOperator.java:64) ~[reactor-core-3.4.29.jar:3.4.29]
	at reactor.core.publisher.MonoDefer.subscribe(MonoDefer.java:52) ~[reactor-core-3.4.29.jar:3.4.29]
	at reactor.core.publisher.Mono.subscribe(Mono.java:4490) ~[reactor-core-3.4.29.jar:3.4.29]
	at reactor.core.publisher.MonoIgnoreThen$ThenIgnoreMain.subscribeNext(MonoIgnoreThen.java:263) ~[reactor-core-3.4.29.jar:3.4.29]
	at reactor.core.publisher.MonoIgnoreThen.subscribe(MonoIgnoreThen.java:51) ~[reactor-core-3.4.29.jar:3.4.29]
	at reactor.core.publisher.Mono.subscribe(Mono.java:4490) ~[reactor-core-3.4.29.jar:3.4.29]
	at org.springframework.http.server.reactive.UndertowHttpHandlerAdapter.handleRequest(UndertowHttpHandlerAdapter.java:87) ~[spring-web-5.3.27.jar:5.3.27]
	at io.undertow.server.Connectors.executeRootHandler(Connectors.java:393) ~[undertow-core-2.2.24.Final.jar:2.2.24.Final]
	at io.undertow.server.protocol.http.HttpReadListener.handleEventWithNoRunningRequest(HttpReadListener.java:256) ~[undertow-core-2.2.24.Final.jar:2.2.24.Final]
	at io.undertow.server.protocol.http.HttpReadListener.handleEvent(HttpReadListener.java:136) ~[undertow-core-2.2.24.Final.jar:2.2.24.Final]
	at io.undertow.server.protocol.http.HttpOpenListener.handleEvent(HttpOpenListener.java:162) ~[undertow-core-2.2.24.Final.jar:2.2.24.Final]
	at io.undertow.server.protocol.http.HttpOpenListener.handleEvent(HttpOpenListener.java:100) ~[undertow-core-2.2.24.Final.jar:2.2.24.Final]
	at io.undertow.server.protocol.http.HttpOpenListener.handleEvent(HttpOpenListener.java:57) ~[undertow-core-2.2.24.Final.jar:2.2.24.Final]
	at org.xnio.ChannelListeners.invokeChannelListener(ChannelListeners.java:92) ~[xnio-api-3.8.7.Final.jar:3.8.7.Final]
	at org.xnio.ChannelListeners$10.handleEvent(ChannelListeners.java:291) ~[xnio-api-3.8.7.Final.jar:3.8.7.Final]
	at org.xnio.ChannelListeners$10.handleEvent(ChannelListeners.java:286) ~[xnio-api-3.8.7.Final.jar:3.8.7.Final]
	at org.xnio.ChannelListeners.invokeChannelListener(ChannelListeners.java:92) ~[xnio-api-3.8.7.Final.jar:3.8.7.Final]
	at org.xnio.nio.QueuedNioTcpServer2.acceptTask(QueuedNioTcpServer2.java:178) ~[xnio-nio-3.8.7.Final.jar:3.8.7.Final]
	at org.xnio.nio.WorkerThread.safeRun(WorkerThread.java:612) ~[xnio-nio-3.8.7.Final.jar:3.8.7.Final]
	at org.xnio.nio.WorkerThread.run(WorkerThread.java:479) ~[xnio-nio-3.8.7.Final.jar:3.8.7.Final]

2024-07-12 10:57:01.344 ERROR 1684 --- [XNIO-1 I/O-1] [ 145] .a.t.g.f.f.AuthenticGatewayFilterFactory : Invalid request auth header

com.aiforest.tmmes.common.exception.UnAuthorizedException: Invalid request auth header
	at com.aiforest.tmmes.gateway.filter.factory.AuthenticGatewayFilterFactory$AuthenticGatewayFilter.filter(AuthenticGatewayFilterFactory.java:127) ~[classes/:na]
	at org.springframework.cloud.gateway.filter.OrderedGatewayFilter.filter(OrderedGatewayFilter.java:44) [spring-cloud-gateway-server-3.1.7.jar:3.1.7]
	at org.springframework.cloud.gateway.handler.FilteringWebHandler$DefaultGatewayFilterChain.lambda$filter$0(FilteringWebHandler.java:117) [spring-cloud-gateway-server-3.1.7.jar:3.1.7]
	at reactor.core.publisher.MonoDefer.subscribe(MonoDefer.java:44) ~[reactor-core-3.4.29.jar:3.4.29]
	at reactor.core.publisher.MonoDefer.subscribe(MonoDefer.java:52) ~[reactor-core-3.4.29.jar:3.4.29]
	at reactor.core.publisher.InternalMonoOperator.subscribe(InternalMonoOperator.java:64) ~[reactor-core-3.4.29.jar:3.4.29]
	at reactor.core.publisher.MonoDefer.subscribe(MonoDefer.java:52) ~[reactor-core-3.4.29.jar:3.4.29]
	at reactor.core.publisher.MonoDefer.subscribe(MonoDefer.java:52) ~[reactor-core-3.4.29.jar:3.4.29]
	at reactor.core.publisher.MonoDefer.subscribe(MonoDefer.java:52) ~[reactor-core-3.4.29.jar:3.4.29]
	at reactor.core.publisher.Mono.subscribe(Mono.java:4490) ~[reactor-core-3.4.29.jar:3.4.29]
	at reactor.core.publisher.MonoIgnoreThen$ThenIgnoreMain.subscribeNext(MonoIgnoreThen.java:263) ~[reactor-core-3.4.29.jar:3.4.29]
	at reactor.core.publisher.MonoIgnoreThen.subscribe(MonoIgnoreThen.java:51) ~[reactor-core-3.4.29.jar:3.4.29]
	at reactor.core.publisher.InternalMonoOperator.subscribe(InternalMonoOperator.java:64) ~[reactor-core-3.4.29.jar:3.4.29]
	at reactor.core.publisher.MonoDefer.subscribe(MonoDefer.java:52) ~[reactor-core-3.4.29.jar:3.4.29]
	at reactor.core.publisher.MonoDefer.subscribe(MonoDefer.java:52) ~[reactor-core-3.4.29.jar:3.4.29]
	at reactor.core.publisher.InternalMonoOperator.subscribe(InternalMonoOperator.java:64) ~[reactor-core-3.4.29.jar:3.4.29]
	at reactor.core.publisher.MonoDefer.subscribe(MonoDefer.java:52) ~[reactor-core-3.4.29.jar:3.4.29]
	at reactor.core.publisher.Mono.subscribe(Mono.java:4490) ~[reactor-core-3.4.29.jar:3.4.29]
	at reactor.core.publisher.MonoIgnoreThen$ThenIgnoreMain.subscribeNext(MonoIgnoreThen.java:263) ~[reactor-core-3.4.29.jar:3.4.29]
	at reactor.core.publisher.MonoIgnoreThen.subscribe(MonoIgnoreThen.java:51) ~[reactor-core-3.4.29.jar:3.4.29]
	at reactor.core.publisher.MonoFlatMap$FlatMapMain.onNext(MonoFlatMap.java:157) ~[reactor-core-3.4.29.jar:3.4.29]
	at reactor.core.publisher.FluxSwitchIfEmpty$SwitchIfEmptySubscriber.onNext(FluxSwitchIfEmpty.java:74) ~[reactor-core-3.4.29.jar:3.4.29]
	at reactor.core.publisher.MonoNext$NextSubscriber.onNext(MonoNext.java:82) ~[reactor-core-3.4.29.jar:3.4.29]
	at reactor.core.publisher.FluxConcatMap$ConcatMapImmediate.innerNext(FluxConcatMap.java:282) ~[reactor-core-3.4.29.jar:3.4.29]
	at reactor.core.publisher.FluxConcatMap$ConcatMapInner.onNext(FluxConcatMap.java:863) ~[reactor-core-3.4.29.jar:3.4.29]
	at reactor.core.publisher.FluxMap$MapSubscriber.onNext(FluxMap.java:122) ~[reactor-core-3.4.29.jar:3.4.29]
	at reactor.core.publisher.FluxSwitchIfEmpty$SwitchIfEmptySubscriber.onNext(FluxSwitchIfEmpty.java:74) ~[reactor-core-3.4.29.jar:3.4.29]
	at reactor.core.publisher.Operators$MonoSubscriber.complete(Operators.java:1839) ~[reactor-core-3.4.29.jar:3.4.29]
	at reactor.core.publisher.MonoFlatMap$FlatMapMain.onNext(MonoFlatMap.java:151) ~[reactor-core-3.4.29.jar:3.4.29]
	at reactor.core.publisher.FluxMap$MapSubscriber.onNext(FluxMap.java:122) ~[reactor-core-3.4.29.jar:3.4.29]
	at reactor.core.publisher.MonoNext$NextSubscriber.onNext(MonoNext.java:82) ~[reactor-core-3.4.29.jar:3.4.29]
	at reactor.core.publisher.FluxConcatMap$ConcatMapImmediate.innerNext(FluxConcatMap.java:282) ~[reactor-core-3.4.29.jar:3.4.29]
	at reactor.core.publisher.FluxConcatMap$ConcatMapInner.onNext(FluxConcatMap.java:863) ~[reactor-core-3.4.29.jar:3.4.29]
	at reactor.core.publisher.FluxOnErrorResume$ResumeSubscriber.onNext(FluxOnErrorResume.java:79) ~[reactor-core-3.4.29.jar:3.4.29]
	at reactor.core.publisher.MonoPeekTerminal$MonoTerminalPeekSubscriber.onNext(MonoPeekTerminal.java:180) ~[reactor-core-3.4.29.jar:3.4.29]
	at reactor.core.publisher.Operators$MonoSubscriber.complete(Operators.java:1839) ~[reactor-core-3.4.29.jar:3.4.29]
	at reactor.core.publisher.MonoFilterWhen$MonoFilterWhenMain.onNext(MonoFilterWhen.java:149) ~[reactor-core-3.4.29.jar:3.4.29]
	at reactor.core.publisher.Operators$ScalarSubscription.request(Operators.java:2400) ~[reactor-core-3.4.29.jar:3.4.29]
	at reactor.core.publisher.MonoFilterWhen$MonoFilterWhenMain.onSubscribe(MonoFilterWhen.java:112) ~[reactor-core-3.4.29.jar:3.4.29]
	at reactor.core.publisher.MonoJust.subscribe(MonoJust.java:55) ~[reactor-core-3.4.29.jar:3.4.29]
	at reactor.core.publisher.Mono.subscribe(Mono.java:4490) ~[reactor-core-3.4.29.jar:3.4.29]
	at reactor.core.publisher.FluxConcatMap$ConcatMapImmediate.drain(FluxConcatMap.java:451) ~[reactor-core-3.4.29.jar:3.4.29]
	at reactor.core.publisher.FluxConcatMap$ConcatMapImmediate.onNext(FluxConcatMap.java:251) ~[reactor-core-3.4.29.jar:3.4.29]
	at reactor.core.publisher.FluxDematerialize$DematerializeSubscriber.onNext(FluxDematerialize.java:98) ~[reactor-core-3.4.29.jar:3.4.29]
	at reactor.core.publisher.FluxDematerialize$DematerializeSubscriber.onNext(FluxDematerialize.java:44) ~[reactor-core-3.4.29.jar:3.4.29]
	at reactor.core.publisher.FluxIterable$IterableSubscription.slowPath(FluxIterable.java:335) ~[reactor-core-3.4.29.jar:3.4.29]
	at reactor.core.publisher.FluxIterable$IterableSubscription.request(FluxIterable.java:294) ~[reactor-core-3.4.29.jar:3.4.29]
	at reactor.core.publisher.FluxDematerialize$DematerializeSubscriber.request(FluxDematerialize.java:127) ~[reactor-core-3.4.29.jar:3.4.29]
	at reactor.core.publisher.FluxConcatMap$ConcatMapImmediate.onSubscribe(FluxConcatMap.java:236) ~[reactor-core-3.4.29.jar:3.4.29]
	at reactor.core.publisher.FluxDematerialize$DematerializeSubscriber.onSubscribe(FluxDematerialize.java:77) ~[reactor-core-3.4.29.jar:3.4.29]
	at reactor.core.publisher.FluxIterable.subscribe(FluxIterable.java:201) ~[reactor-core-3.4.29.jar:3.4.29]
	at reactor.core.publisher.FluxIterable.subscribe(FluxIterable.java:83) ~[reactor-core-3.4.29.jar:3.4.29]
	at reactor.core.publisher.InternalFluxOperator.subscribe(InternalFluxOperator.java:62) ~[reactor-core-3.4.29.jar:3.4.29]
	at reactor.core.publisher.FluxDefer.subscribe(FluxDefer.java:54) ~[reactor-core-3.4.29.jar:3.4.29]
	at reactor.core.publisher.Mono.subscribe(Mono.java:4490) ~[reactor-core-3.4.29.jar:3.4.29]
	at reactor.core.publisher.FluxConcatMap$ConcatMapImmediate.drain(FluxConcatMap.java:451) ~[reactor-core-3.4.29.jar:3.4.29]
	at reactor.core.publisher.FluxConcatMap$ConcatMapImmediate.onSubscribe(FluxConcatMap.java:219) ~[reactor-core-3.4.29.jar:3.4.29]
	at reactor.core.publisher.FluxIterable.subscribe(FluxIterable.java:201) ~[reactor-core-3.4.29.jar:3.4.29]
	at reactor.core.publisher.FluxIterable.subscribe(FluxIterable.java:83) ~[reactor-core-3.4.29.jar:3.4.29]
	at reactor.core.publisher.InternalMonoOperator.subscribe(InternalMonoOperator.java:64) ~[reactor-core-3.4.29.jar:3.4.29]
	at reactor.core.publisher.MonoDefer.subscribe(MonoDefer.java:52) ~[reactor-core-3.4.29.jar:3.4.29]
	at reactor.core.publisher.InternalMonoOperator.subscribe(InternalMonoOperator.java:64) ~[reactor-core-3.4.29.jar:3.4.29]
	at reactor.core.publisher.MonoDefer.subscribe(MonoDefer.java:52) ~[reactor-core-3.4.29.jar:3.4.29]
	at reactor.core.publisher.InternalMonoOperator.subscribe(InternalMonoOperator.java:64) ~[reactor-core-3.4.29.jar:3.4.29]
	at reactor.core.publisher.MonoDefer.subscribe(MonoDefer.java:52) ~[reactor-core-3.4.29.jar:3.4.29]
	at reactor.core.publisher.InternalMonoOperator.subscribe(InternalMonoOperator.java:64) ~[reactor-core-3.4.29.jar:3.4.29]
	at reactor.core.publisher.MonoDefer.subscribe(MonoDefer.java:52) ~[reactor-core-3.4.29.jar:3.4.29]
	at reactor.core.publisher.Mono.subscribe(Mono.java:4490) ~[reactor-core-3.4.29.jar:3.4.29]
	at reactor.core.publisher.MonoIgnoreThen$ThenIgnoreMain.subscribeNext(MonoIgnoreThen.java:263) ~[reactor-core-3.4.29.jar:3.4.29]
	at reactor.core.publisher.MonoIgnoreThen.subscribe(MonoIgnoreThen.java:51) ~[reactor-core-3.4.29.jar:3.4.29]
	at reactor.core.publisher.Mono.subscribe(Mono.java:4490) ~[reactor-core-3.4.29.jar:3.4.29]
	at org.springframework.http.server.reactive.UndertowHttpHandlerAdapter.handleRequest(UndertowHttpHandlerAdapter.java:87) ~[spring-web-5.3.27.jar:5.3.27]
	at io.undertow.server.Connectors.executeRootHandler(Connectors.java:393) ~[undertow-core-2.2.24.Final.jar:2.2.24.Final]
	at io.undertow.server.protocol.http.HttpReadListener.handleEventWithNoRunningRequest(HttpReadListener.java:256) ~[undertow-core-2.2.24.Final.jar:2.2.24.Final]
	at io.undertow.server.protocol.http.HttpReadListener.handleEvent(HttpReadListener.java:136) ~[undertow-core-2.2.24.Final.jar:2.2.24.Final]
	at io.undertow.server.protocol.http.HttpOpenListener.handleEvent(HttpOpenListener.java:162) ~[undertow-core-2.2.24.Final.jar:2.2.24.Final]
	at io.undertow.server.protocol.http.HttpOpenListener.handleEvent(HttpOpenListener.java:100) ~[undertow-core-2.2.24.Final.jar:2.2.24.Final]
	at io.undertow.server.protocol.http.HttpOpenListener.handleEvent(HttpOpenListener.java:57) ~[undertow-core-2.2.24.Final.jar:2.2.24.Final]
	at org.xnio.ChannelListeners.invokeChannelListener(ChannelListeners.java:92) ~[xnio-api-3.8.7.Final.jar:3.8.7.Final]
	at org.xnio.ChannelListeners$10.handleEvent(ChannelListeners.java:291) ~[xnio-api-3.8.7.Final.jar:3.8.7.Final]
	at org.xnio.ChannelListeners$10.handleEvent(ChannelListeners.java:286) ~[xnio-api-3.8.7.Final.jar:3.8.7.Final]
	at org.xnio.ChannelListeners.invokeChannelListener(ChannelListeners.java:92) ~[xnio-api-3.8.7.Final.jar:3.8.7.Final]
	at org.xnio.nio.QueuedNioTcpServer2.acceptTask(QueuedNioTcpServer2.java:178) ~[xnio-nio-3.8.7.Final.jar:3.8.7.Final]
	at org.xnio.nio.WorkerThread.safeRun(WorkerThread.java:612) ~[xnio-nio-3.8.7.Final.jar:3.8.7.Final]
	at org.xnio.nio.WorkerThread.run(WorkerThread.java:479) ~[xnio-nio-3.8.7.Final.jar:3.8.7.Final]

