2024-07-13 01:30:42.728 DEBUG 11656 --- [org.springframework.amqp.rabbit.RabbitListenerEndpointContainer#1-1] [  53] c.a.t.c.d.s.rabbit.DriverEventReceiver   : Receive driver event: {
  "type" : "HEARTBEAT",
  "content" : "{\"driverId\":\"1805055816102907905\",\"status\":\"ONLINE\",\"createTime\":1720794550007}",
  "createTime" : 1720794550007
}
2024-07-13 01:30:42.802 DEBUG 11656 --- [org.springframework.amqp.rabbit.RabbitListenerEndpointContainer#1-1] [  53] c.a.t.c.d.s.rabbit.DriverEventReceiver   : Receive driver event: {
  "type" : "HEARTBEAT",
  "content" : "{\"driverId\":\"1805055816102907905\",\"status\":\"ONLINE\",\"createTime\":1720794555012}",
  "createTime" : 1720794555012
}
2024-07-13 01:30:42.832 DEBUG 11656 --- [org.springframework.amqp.rabbit.RabbitListenerEndpointContainer#1-1] [  53] c.a.t.c.d.s.rabbit.DriverEventReceiver   : Receive driver event: {
  "type" : "HEARTBEAT",
  "content" : "{\"driverId\":\"1805055816102907905\",\"status\":\"ONLINE\",\"createTime\":1720794560006}",
  "createTime" : 1720794560006
}
2024-07-13 01:30:43.060 DEBUG 11656 --- [org.springframework.amqp.rabbit.RabbitListenerEndpointContainer#1-1] [  53] c.a.t.c.d.s.rabbit.DriverEventReceiver   : Receive driver event: {
  "type" : "HEARTBEAT",
  "content" : "{\"driverId\":\"1805055816102907905\",\"status\":\"ONLINE\",\"createTime\":1720794565009}",
  "createTime" : 1720794565009
}
2024-07-13 01:30:43.236 DEBUG 11656 --- [org.springframework.amqp.rabbit.RabbitListenerEndpointContainer#1-1] [  53] c.a.t.c.d.s.rabbit.DriverEventReceiver   : Receive driver event: {
  "type" : "HEARTBEAT",
  "content" : "{\"driverId\":\"1805055816102907905\",\"status\":\"ONLINE\",\"createTime\":1720805440015}",
  "createTime" : 1720805440015
}
2024-07-13 01:30:43.285 DEBUG 11656 --- [org.springframework.amqp.rabbit.RabbitListenerEndpointContainer#1-1] [  53] c.a.t.c.d.s.rabbit.DriverEventReceiver   : Receive driver event: {
  "type" : "HEARTBEAT",
  "content" : "{\"driverId\":\"1805055816102907905\",\"status\":\"ONLINE\",\"createTime\":1720805438463}",
  "createTime" : 1720805438463
}
2024-07-13 01:30:45.231 DEBUG 11656 --- [org.springframework.amqp.rabbit.RabbitListenerEndpointContainer#1-1] [  53] c.a.t.c.d.s.rabbit.DriverEventReceiver   : Receive driver event: {
  "type" : "HEARTBEAT",
  "content" : "{\"driverId\":\"1805055816102907905\",\"status\":\"ONLINE\",\"createTime\":1720805445041}",
  "createTime" : 1720805445041
}
2024-07-13 01:30:50.022 DEBUG 11656 --- [org.springframework.amqp.rabbit.RabbitListenerEndpointContainer#1-1] [  53] c.a.t.c.d.s.rabbit.DriverEventReceiver   : Receive driver event: {
  "type" : "HEARTBEAT",
  "content" : "{\"driverId\":\"1805055816102907905\",\"status\":\"ONLINE\",\"createTime\":1720805450015}",
  "createTime" : 1720805450015
}
2024-07-13 01:30:55.009 DEBUG 11656 --- [org.springframework.amqp.rabbit.RabbitListenerEndpointContainer#1-1] [  53] c.a.t.c.d.s.rabbit.DriverEventReceiver   : Receive driver event: {
  "type" : "HEARTBEAT",
  "content" : "{\"driverId\":\"1805055816102907905\",\"status\":\"ONLINE\",\"createTime\":1720805455004}",
  "createTime" : 1720805455004
}
2024-07-13 08:15:18.647 DEBUG 11656 --- [org.springframework.amqp.rabbit.RabbitListenerEndpointContainer#1-1] [  53] c.a.t.c.d.s.rabbit.DriverEventReceiver   : Receive driver event: {
  "type" : "HEARTBEAT",
  "content" : "{\"driverId\":\"1805055816102907905\",\"status\":\"ONLINE\",\"createTime\":1720829718150}",
  "createTime" : 1720829718150
}
2024-07-13 08:15:24.976 DEBUG 11656 --- [org.springframework.amqp.rabbit.RabbitListenerEndpointContainer#1-1] [  53] c.a.t.c.d.s.rabbit.DriverEventReceiver   : Receive driver event: {
  "type" : "HEARTBEAT",
  "content" : "{\"driverId\":\"1805055816102907905\",\"status\":\"ONLINE\",\"createTime\":1720829720223}",
  "createTime" : 1720829720223
}
2024-07-13 08:15:26.305 DEBUG 11656 --- [org.springframework.amqp.rabbit.RabbitListenerEndpointContainer#1-1] [  53] c.a.t.c.d.s.rabbit.DriverEventReceiver   : Receive driver event: {
  "type" : "HEARTBEAT",
  "content" : "{\"driverId\":\"1805055816102907905\",\"status\":\"ONLINE\",\"createTime\":1720829725151}",
  "createTime" : 1720829725151
}
2024-07-13 08:15:30.562 DEBUG 11656 --- [org.springframework.amqp.rabbit.RabbitListenerEndpointContainer#1-1] [  53] c.a.t.c.d.s.rabbit.DriverEventReceiver   : Receive driver event: {
  "type" : "HEARTBEAT",
  "content" : "{\"driverId\":\"1805055816102907905\",\"status\":\"ONLINE\",\"createTime\":1720829730339}",
  "createTime" : 1720829730339
}
2024-07-13 08:15:35.378 DEBUG 11656 --- [org.springframework.amqp.rabbit.RabbitListenerEndpointContainer#1-1] [  53] c.a.t.c.d.s.rabbit.DriverEventReceiver   : Receive driver event: {
  "type" : "HEARTBEAT",
  "content" : "{\"driverId\":\"1805055816102907905\",\"status\":\"ONLINE\",\"createTime\":1720829735162}",
  "createTime" : 1720829735162
}
2024-07-13 08:15:40.179 DEBUG 11656 --- [org.springframework.amqp.rabbit.RabbitListenerEndpointContainer#1-1] [  53] c.a.t.c.d.s.rabbit.DriverEventReceiver   : Receive driver event: {
  "type" : "HEARTBEAT",
  "content" : "{\"driverId\":\"1805055816102907905\",\"status\":\"ONLINE\",\"createTime\":1720829740053}",
  "createTime" : 1720829740054
}
